<?xml version="1.0" encoding="UTF-8"?>
<!-- Generated by org.testng.reporters.JUnitReportReporter -->
<testsuite skipped="0" hostname="abc-PC" name="automationFramework.NewTest" tests="1" failures="0" timestamp="28 Jan 2018 21:21:46 GMT" time="68.317" errors="0">
  <testcase name="testFormAutomation" time="68.317" classname="automationFramework.NewTest"/>
</testsuite> <!-- automationFramework.NewTest -->
